<?xml version="1.0" encoding="UTF-8"?>
<robot generator="Robot 6.0.2 (Python 3.11.1 on win32)" generated="20230117 15:28:26.184" rpa="false" schemaversion="3">
<suite id="s1" name="Amazon Testes" source="C:\CursoUdemy\RobotFramework\WebTesting\amazon_testes.robot">
<test id="s1-t1" name="Caso de Teste 03 - Pesquisando um Iphone" line="28">
<kw name="Abrir o navegador" library="amazon_resources" type="SETUP">
<kw name="Open Browser" library="SeleniumLibrary">
<arg>browser=edge</arg>
<doc>Opens a new browser instance to the optional ``url``.</doc>
<msg timestamp="20230117 15:28:26.338" level="INFO">Opening browser 'edge' to base url 'None'.</msg>
<status status="PASS" starttime="20230117 15:28:26.337" endtime="20230117 15:28:27.414"/>
</kw>
<kw name="Maximize Browser Window" library="SeleniumLibrary">
<doc>Maximizes current browser window.</doc>
<status status="PASS" starttime="20230117 15:28:27.414" endtime="20230117 15:28:27.544"/>
</kw>
<status status="PASS" starttime="20230117 15:28:26.337" endtime="20230117 15:28:27.545"/>
</kw>
<kw name="Acessar a home page do site Amazon.com.br" library="amazon_resources">
<kw name="Go To" library="SeleniumLibrary">
<arg>url=${URL}</arg>
<doc>Navigates the current browser window to the provided ``url``.</doc>
<msg timestamp="20230117 15:28:27.546" level="INFO">Opening url 'https://www.amazon.com.br/'</msg>
<status status="PASS" starttime="20230117 15:28:27.546" endtime="20230117 15:28:29.369"/>
</kw>
<kw name="Wait Until Element Is Visible" library="SeleniumLibrary">
<arg>locator=${MENU_ELETRONICOS}</arg>
<doc>Waits until the element ``locator`` is visible.</doc>
<status status="PASS" starttime="20230117 15:28:29.369" endtime="20230117 15:28:29.395"/>
</kw>
<status status="PASS" starttime="20230117 15:28:27.546" endtime="20230117 15:28:29.395"/>
</kw>
<kw name="Digitar o nome de produto &quot;Iphone&quot; no campo de pesquisa" library="amazon_resources" sourcename="Digitar o nome de produto &quot;${PRODUTO}&quot; no campo de pesquisa">
<kw name="Input Text" library="SeleniumLibrary">
<arg>locator=twotabsearchtextbox</arg>
<arg>text=${PRODUTO}</arg>
<doc>Types the given ``text`` into the text field identified by ``locator``.</doc>
<msg timestamp="20230117 15:28:29.396" level="INFO">Typing text 'Iphone' into text field 'twotabsearchtextbox'.</msg>
<status status="PASS" starttime="20230117 15:28:29.395" endtime="20230117 15:28:29.535"/>
</kw>
<status status="PASS" starttime="20230117 15:28:29.395" endtime="20230117 15:28:29.535"/>
</kw>
<kw name="Clicar no botão de pesquisa" library="amazon_resources">
<kw name="Click Element" library="SeleniumLibrary">
<arg>locator=nav-search-submit-button</arg>
<doc>Click the element identified by ``locator``.</doc>
<msg timestamp="20230117 15:28:29.536" level="INFO">Clicking element 'nav-search-submit-button'.</msg>
<status status="PASS" starttime="20230117 15:28:29.535" endtime="20230117 15:28:29.629"/>
</kw>
<status status="PASS" starttime="20230117 15:28:29.535" endtime="20230117 15:28:29.629"/>
</kw>
<kw name="Verificar o resultado da pesquisa, listando o produto &quot;Iphone&quot;" library="amazon_resources" sourcename="Verificar o resultado da pesquisa, listando o produto &quot;${PRODUTO}&quot;">
<kw name="Wait Until Element Is Visible" library="SeleniumLibrary">
<arg>locator=//span[@class='a-color-state a-text-bold'][contains(.,'"${PRODUTO}"')]</arg>
<doc>Waits until the element ``locator`` is visible.</doc>
<status status="PASS" starttime="20230117 15:28:29.630" endtime="20230117 15:28:30.374"/>
</kw>
<status status="PASS" starttime="20230117 15:28:29.629" endtime="20230117 15:28:30.374"/>
</kw>
<kw name="Fechar o navegador" library="amazon_resources" type="TEARDOWN">
<kw name="Capture Page Screenshot" library="SeleniumLibrary">
<doc>Takes a screenshot of the current page and embeds it into a log file.</doc>
<msg timestamp="20230117 15:28:30.590" level="INFO" html="true">&lt;/td&gt;&lt;/tr&gt;&lt;tr&gt;&lt;td colspan="3"&gt;&lt;a href="selenium-screenshot-6.png"&gt;&lt;img src="selenium-screenshot-6.png" width="800px"&gt;&lt;/a&gt;</msg>
<status status="PASS" starttime="20230117 15:28:30.375" endtime="20230117 15:28:30.590"/>
</kw>
<kw name="Close Browser" library="SeleniumLibrary">
<doc>Closes the current browser.</doc>
<status status="PASS" starttime="20230117 15:28:30.590" endtime="20230117 15:28:32.730"/>
</kw>
<status status="PASS" starttime="20230117 15:28:30.375" endtime="20230117 15:28:32.730"/>
</kw>
<doc>Este teste verifica a busca de um produto</doc>
<tag>busca_produtos</tag>
<status status="PASS" starttime="20230117 15:28:26.336" endtime="20230117 15:28:32.730"/>
</test>
<doc>Essa suit testa o site da Amazon.com.br</doc>
<status status="PASS" starttime="20230117 15:28:26.185" endtime="20230117 15:28:32.732"/>
</suite>
<statistics>
<total>
<stat pass="1" fail="0" skip="0">All Tests</stat>
</total>
<tag>
<stat pass="1" fail="0" skip="0">busca_produtos</stat>
</tag>
<suite>
<stat pass="1" fail="0" skip="0" id="s1" name="Amazon Testes">Amazon Testes</stat>
</suite>
</statistics>
<errors>
</errors>
</robot>
