<?xml version="1.0" encoding="UTF-8"?>
<robot generator="Robot 6.0.2 (Python 3.11.1 on win32)" generated="20230117 15:36:31.708" rpa="false" schemaversion="3">
<suite id="s1" name="Amazon Testes" source="C:\CursoUdemy\RobotFramework\WebTesting\amazon_testes.robot">
<test id="s1-t1" name="Caso de Teste 04 - Pesquisando um Geladeira Samsung" line="36">
<kw name="Abrir o navegador" library="amazon_resources" type="SETUP">
<kw name="Open Browser" library="SeleniumLibrary">
<arg>browser=edge</arg>
<doc>Opens a new browser instance to the optional ``url``.</doc>
<msg timestamp="20230117 15:36:31.857" level="INFO">Opening browser 'edge' to base url 'None'.</msg>
<status status="PASS" starttime="20230117 15:36:31.857" endtime="20230117 15:36:32.927"/>
</kw>
<kw name="Maximize Browser Window" library="SeleniumLibrary">
<doc>Maximizes current browser window.</doc>
<status status="PASS" starttime="20230117 15:36:32.927" endtime="20230117 15:36:33.041"/>
</kw>
<status status="PASS" starttime="20230117 15:36:31.857" endtime="20230117 15:36:33.041"/>
</kw>
<kw name="Acessar a home page do site Amazon.com.br" library="amazon_resources">
<kw name="Go To" library="SeleniumLibrary">
<arg>url=${URL}</arg>
<doc>Navigates the current browser window to the provided ``url``.</doc>
<msg timestamp="20230117 15:36:33.042" level="INFO">Opening url 'https://www.amazon.com.br/'</msg>
<status status="PASS" starttime="20230117 15:36:33.042" endtime="20230117 15:36:34.896"/>
</kw>
<kw name="Wait Until Element Is Visible" library="SeleniumLibrary">
<arg>locator=${MENU_ELETRONICOS}</arg>
<doc>Waits until the element ``locator`` is visible.</doc>
<status status="PASS" starttime="20230117 15:36:34.896" endtime="20230117 15:36:34.921"/>
</kw>
<status status="PASS" starttime="20230117 15:36:33.042" endtime="20230117 15:36:34.921"/>
</kw>
<kw name="Digitar o nome de produto &quot;Geladeira Samsung&quot; no campo de pesquisa" library="amazon_resources" sourcename="Digitar o nome de produto &quot;${PRODUTO}&quot; no campo de pesquisa">
<kw name="Input Text" library="SeleniumLibrary">
<arg>locator=twotabsearchtextbox</arg>
<arg>text=${PRODUTO}</arg>
<doc>Types the given ``text`` into the text field identified by ``locator``.</doc>
<msg timestamp="20230117 15:36:34.921" level="INFO">Typing text 'Geladeira Samsung' into text field 'twotabsearchtextbox'.</msg>
<status status="PASS" starttime="20230117 15:36:34.921" endtime="20230117 15:36:35.098"/>
</kw>
<status status="PASS" starttime="20230117 15:36:34.921" endtime="20230117 15:36:35.098"/>
</kw>
<kw name="Clicar no botão de pesquisa" library="amazon_resources">
<kw name="Click Element" library="SeleniumLibrary">
<arg>locator=nav-search-submit-button</arg>
<doc>Click the element identified by ``locator``.</doc>
<msg timestamp="20230117 15:36:35.099" level="INFO">Clicking element 'nav-search-submit-button'.</msg>
<status status="PASS" starttime="20230117 15:36:35.099" endtime="20230117 15:36:35.193"/>
</kw>
<status status="PASS" starttime="20230117 15:36:35.098" endtime="20230117 15:36:35.194"/>
</kw>
<kw name="Verificar o resultado da pesquisa, listando o produto &quot;Geladeira Samsung&quot;" library="amazon_resources" sourcename="Verificar o resultado da pesquisa, listando o produto &quot;${PRODUTO}&quot;">
<kw name="Wait Until Element Is Visible" library="SeleniumLibrary">
<arg>locator=//span[@class='a-color-state a-text-bold'][contains(.,'"${PRODUTO}"')]</arg>
<doc>Waits until the element ``locator`` is visible.</doc>
<status status="PASS" starttime="20230117 15:36:35.194" endtime="20230117 15:36:36.693"/>
</kw>
<status status="PASS" starttime="20230117 15:36:35.194" endtime="20230117 15:36:36.693"/>
</kw>
<kw name="Fechar o navegador" library="amazon_resources" type="TEARDOWN">
<kw name="Capture Page Screenshot" library="SeleniumLibrary">
<doc>Takes a screenshot of the current page and embeds it into a log file.</doc>
<msg timestamp="20230117 15:36:36.900" level="INFO" html="true">&lt;/td&gt;&lt;/tr&gt;&lt;tr&gt;&lt;td colspan="3"&gt;&lt;a href="selenium-screenshot-7.png"&gt;&lt;img src="selenium-screenshot-7.png" width="800px"&gt;&lt;/a&gt;</msg>
<status status="PASS" starttime="20230117 15:36:36.693" endtime="20230117 15:36:36.900"/>
</kw>
<kw name="Close Browser" library="SeleniumLibrary">
<doc>Closes the current browser.</doc>
<status status="PASS" starttime="20230117 15:36:36.900" endtime="20230117 15:36:39.031"/>
</kw>
<status status="PASS" starttime="20230117 15:36:36.693" endtime="20230117 15:36:39.031"/>
</kw>
<doc>Este teste verifica a busca de um produto</doc>
<tag>busca_produtos eletrodomesticos</tag>
<status status="PASS" starttime="20230117 15:36:31.856" endtime="20230117 15:36:39.031"/>
</test>
<doc>Essa suit testa o site da Amazon.com.br</doc>
<status status="PASS" starttime="20230117 15:36:31.709" endtime="20230117 15:36:39.033"/>
</suite>
<statistics>
<total>
<stat pass="1" fail="0" skip="0">All Tests</stat>
</total>
<tag>
<stat pass="1" fail="0" skip="0">busca_produtos eletrodomesticos</stat>
</tag>
<suite>
<stat pass="1" fail="0" skip="0" id="s1" name="Amazon Testes">Amazon Testes</stat>
</suite>
</statistics>
<errors>
</errors>
</robot>
