<?xml version="1.0" encoding="UTF-8"?>
<robot generator="Robot 6.0.2 (Python 3.11.1 on win32)" generated="20230123 15:01:29.526" rpa="false" schemaversion="3">
<suite id="s1" name="Amazon Testes Gherkin Bdd" source="C:\CursoUdemy\RobotFramework\WebTesting\amazon_testes_gherkin_bdd.robot">
<test id="s1-t1" name="Caso de Teste 04 - Remover Produto do Carrinho" line="36">
<kw name="Abrir o navegador" library="amazon_resources" type="SETUP">
<kw name="Open Browser" library="SeleniumLibrary">
<arg>browser=edge</arg>
<doc>Opens a new browser instance to the optional ``url``.</doc>
<msg timestamp="20230123 15:01:29.677" level="INFO">Opening browser 'edge' to base url 'None'.</msg>
<status status="PASS" starttime="20230123 15:01:29.677" endtime="20230123 15:01:30.757"/>
</kw>
<kw name="Maximize Browser Window" library="SeleniumLibrary">
<doc>Maximizes current browser window.</doc>
<status status="PASS" starttime="20230123 15:01:30.757" endtime="20230123 15:01:30.888"/>
</kw>
<status status="PASS" starttime="20230123 15:01:29.676" endtime="20230123 15:01:30.888"/>
</kw>
<kw name="Dado que estou na home page da Amazon.com.br" library="amazon_resources">
<kw name="Acessar a home page do site Amazon.com.br" library="amazon_resources">
<kw name="Go To" library="SeleniumLibrary">
<arg>url=${URL}</arg>
<doc>Navigates the current browser window to the provided ``url``.</doc>
<msg timestamp="20230123 15:01:30.889" level="INFO">Opening url 'https://www.amazon.com.br/'</msg>
<status status="PASS" starttime="20230123 15:01:30.889" endtime="20230123 15:01:32.626"/>
</kw>
<kw name="Wait Until Element Is Visible" library="SeleniumLibrary">
<arg>locator=${MENU_ELETRONICOS}</arg>
<doc>Waits until the element ``locator`` is visible.</doc>
<status status="PASS" starttime="20230123 15:01:32.626" endtime="20230123 15:01:32.657"/>
</kw>
<status status="PASS" starttime="20230123 15:01:30.888" endtime="20230123 15:01:32.657"/>
</kw>
<kw name="Verificar se o título da página fica &quot;Amazon.com.br | Tudo pra você, de A a Z.&quot;" library="amazon_resources" sourcename="Verificar se o título da página fica &quot;${TITULO}&quot;">
<kw name="Title Should Be" library="SeleniumLibrary">
<arg>title=${TITULO}</arg>
<doc>Verifies that the current page title equals ``title``.</doc>
<msg timestamp="20230123 15:01:32.669" level="INFO">Page title is 'Amazon.com.br | Tudo pra você, de A a Z.'.</msg>
<status status="PASS" starttime="20230123 15:01:32.658" endtime="20230123 15:01:32.669"/>
</kw>
<status status="PASS" starttime="20230123 15:01:32.658" endtime="20230123 15:01:32.669"/>
</kw>
<status status="PASS" starttime="20230123 15:01:30.888" endtime="20230123 15:01:32.669"/>
</kw>
<kw name="Quando adiciono o produto ao carrinho" library="amazon_resources">
<kw name="Quando pesquisar pelo produto &quot;Xbox Series S&quot;" library="amazon_resources" sourcename="Quando pesquisar pelo produto &quot;${PRODUTO}&quot;">
<kw name="Digitar o nome de produto &quot;${PRODUTO}&quot; no campo de pesquisa" library="amazon_resources" sourcename="Digitar o nome de produto &quot;${PRODUTO}&quot; no campo de pesquisa">
<kw name="Input Text" library="SeleniumLibrary">
<arg>locator=twotabsearchtextbox</arg>
<arg>text=${PRODUTO}</arg>
<doc>Types the given ``text`` into the text field identified by ``locator``.</doc>
<msg timestamp="20230123 15:01:32.670" level="INFO">Typing text 'Xbox Series S' into text field 'twotabsearchtextbox'.</msg>
<status status="PASS" starttime="20230123 15:01:32.670" endtime="20230123 15:01:32.797"/>
</kw>
<status status="PASS" starttime="20230123 15:01:32.670" endtime="20230123 15:01:32.798"/>
</kw>
<kw name="Clicar no botão de pesquisa" library="amazon_resources">
<kw name="Click Element" library="SeleniumLibrary">
<arg>locator=nav-search-submit-button</arg>
<doc>Click the element identified by ``locator``.</doc>
<msg timestamp="20230123 15:01:32.798" level="INFO">Clicking element 'nav-search-submit-button'.</msg>
<status status="PASS" starttime="20230123 15:01:32.798" endtime="20230123 15:01:32.908"/>
</kw>
<status status="PASS" starttime="20230123 15:01:32.798" endtime="20230123 15:01:32.909"/>
</kw>
<status status="PASS" starttime="20230123 15:01:32.670" endtime="20230123 15:01:32.909"/>
</kw>
<kw name="E um produto da linha &quot;Xbox Series S&quot; deve ser mostrado na página" library="amazon_resources" sourcename="E um produto da linha &quot;${PRODUTO}&quot; deve ser mostrado na página">
<kw name="Verificar o resultado da pesquisa, listando o produto &quot;${PRODUTO}&quot;" library="amazon_resources" sourcename="Verificar o resultado da pesquisa, listando o produto &quot;${PRODUTO}&quot;">
<kw name="Wait Until Element Is Visible" library="SeleniumLibrary">
<arg>locator=//span[@class='a-color-state a-text-bold'][contains(.,'"${PRODUTO}"')]</arg>
<doc>Waits until the element ``locator`` is visible.</doc>
<status status="PASS" starttime="20230123 15:01:32.909" endtime="20230123 15:01:33.443"/>
</kw>
<status status="PASS" starttime="20230123 15:01:32.909" endtime="20230123 15:01:33.443"/>
</kw>
<status status="PASS" starttime="20230123 15:01:32.909" endtime="20230123 15:01:33.443"/>
</kw>
<kw name="Quando adicionar o produto &quot;Console Xbox Series S&quot; no carrinho" library="amazon_resources">
<kw name="Wait Until Element Is Visible" library="SeleniumLibrary">
<arg>locator=//img[contains(@alt,'Xbox Series S')]</arg>
<doc>Waits until the element ``locator`` is visible.</doc>
<status status="PASS" starttime="20230123 15:01:33.443" endtime="20230123 15:01:33.702"/>
</kw>
<kw name="Click Element" library="SeleniumLibrary">
<arg>locator=//img[contains(@alt,'Xbox Series S')]</arg>
<doc>Click the element identified by ``locator``.</doc>
<msg timestamp="20230123 15:01:33.702" level="INFO">Clicking element '//img[contains(@alt,'Xbox Series S')]'.</msg>
<status status="PASS" starttime="20230123 15:01:33.702" endtime="20230123 15:01:34.131"/>
</kw>
<kw name="Wait Until Element Is Visible" library="SeleniumLibrary">
<arg>locator=//input[contains(@name,'submit.add-to-cart')]</arg>
<doc>Waits until the element ``locator`` is visible.</doc>
<status status="PASS" starttime="20230123 15:01:34.131" endtime="20230123 15:01:35.099"/>
</kw>
<kw name="Click Button" library="SeleniumLibrary">
<arg>locator=//input[contains(@name,'submit.add-to-cart')]</arg>
<doc>Clicks the button identified by ``locator``.</doc>
<msg timestamp="20230123 15:01:35.099" level="INFO">Clicking button '//input[contains(@name,'submit.add-to-cart')]'.</msg>
<status status="PASS" starttime="20230123 15:01:35.099" endtime="20230123 15:01:35.178"/>
</kw>
<status status="PASS" starttime="20230123 15:01:33.443" endtime="20230123 15:01:35.179"/>
</kw>
<kw name="Então o produto &quot;Console Xbox Series S&quot; deve ser mostrado no carrinho" library="amazon_resources">
<kw name="Wait Until Element Is Visible" library="SeleniumLibrary">
<arg>locator=//span[@class='a-size-medium-plus a-color-base sw-atc-text a-text-bold'][contains(.,'Adicionado ao carrinho')]</arg>
<doc>Waits until the element ``locator`` is visible.</doc>
<status status="PASS" starttime="20230123 15:01:35.179" endtime="20230123 15:01:35.974"/>
</kw>
<status status="PASS" starttime="20230123 15:01:35.179" endtime="20230123 15:01:35.974"/>
</kw>
<status status="PASS" starttime="20230123 15:01:32.670" endtime="20230123 15:01:35.975"/>
</kw>
<kw name="E existe o produto &quot;Console Xbox Series S&quot; no carrinho" library="amazon_resources">
<kw name="Click Element" library="SeleniumLibrary">
<arg>locator=//span[@aria-hidden='true'][contains(.,'Carrinho')]</arg>
<doc>Click the element identified by ``locator``.</doc>
<msg timestamp="20230123 15:01:35.976" level="INFO">Clicking element '//span[@aria-hidden='true'][contains(.,'Carrinho')]'.</msg>
<status status="PASS" starttime="20230123 15:01:35.976" endtime="20230123 15:01:37.802"/>
</kw>
<kw name="Wait Until Element Is Visible" library="SeleniumLibrary">
<arg>locator=//span[@class='a-truncate-cut'][contains(.,'Xbox Series S')]</arg>
<doc>Waits until the element ``locator`` is visible.</doc>
<status status="PASS" starttime="20230123 15:01:37.802" endtime="20230123 15:01:37.839"/>
</kw>
<status status="PASS" starttime="20230123 15:01:35.975" endtime="20230123 15:01:37.839"/>
</kw>
<kw name="Quando remover o produto &quot;Console Xbox Series S&quot; do carrinho" library="amazon_resources">
<kw name="Wait Until Element Is Visible" library="SeleniumLibrary">
<arg>locator=//input[contains(@name,'submit.delete')]</arg>
<doc>Waits until the element ``locator`` is visible.</doc>
<status status="PASS" starttime="20230123 15:01:37.839" endtime="20230123 15:01:37.854"/>
</kw>
<kw name="Click Element" library="SeleniumLibrary">
<arg>locator=//input[contains(@name,'submit.delete')]</arg>
<doc>Click the element identified by ``locator``.</doc>
<msg timestamp="20230123 15:01:37.855" level="INFO">Clicking element '//input[contains(@name,'submit.delete')]'.</msg>
<status status="PASS" starttime="20230123 15:01:37.854" endtime="20230123 15:01:37.924"/>
</kw>
<status status="PASS" starttime="20230123 15:01:37.839" endtime="20230123 15:01:37.925"/>
</kw>
<kw name="Então o carrinho deve ficar vazio" library="amazon_resources">
<kw name="Wait Until Element Is Visible" library="SeleniumLibrary">
<arg>locator=//span[@class='a-size-base'][contains(.,'Xbox Series S')]</arg>
<doc>Waits until the element ``locator`` is visible.</doc>
<status status="PASS" starttime="20230123 15:01:37.926" endtime="20230123 15:01:37.942"/>
</kw>
<kw name="Capture Page Screenshot" library="SeleniumLibrary">
<doc>Takes a screenshot of the current page and embeds it into a log file.</doc>
<msg timestamp="20230123 15:01:38.049" level="INFO" html="true">&lt;/td&gt;&lt;/tr&gt;&lt;tr&gt;&lt;td colspan="3"&gt;&lt;a href="selenium-screenshot-1.png"&gt;&lt;img src="selenium-screenshot-1.png" width="800px"&gt;&lt;/a&gt;</msg>
<status status="PASS" starttime="20230123 15:01:37.942" endtime="20230123 15:01:38.049"/>
</kw>
<status status="PASS" starttime="20230123 15:01:37.925" endtime="20230123 15:01:38.050"/>
</kw>
<doc>Esse teste verifica a remoção de um produto no carrinho de compras</doc>
<tag>remover_carrinho</tag>
<status status="PASS" starttime="20230123 15:01:29.676" endtime="20230123 15:01:38.050"/>
</test>
<doc>Essa suit testa o site da Amazon.com.br</doc>
<status status="PASS" starttime="20230123 15:01:29.527" endtime="20230123 15:01:38.051"/>
</suite>
<statistics>
<total>
<stat pass="1" fail="0" skip="0">All Tests</stat>
</total>
<tag>
<stat pass="1" fail="0" skip="0">remover_carrinho</stat>
</tag>
<suite>
<stat pass="1" fail="0" skip="0" id="s1" name="Amazon Testes Gherkin Bdd">Amazon Testes Gherkin Bdd</stat>
</suite>
</statistics>
<errors>
</errors>
</robot>
